Build started 13.05.2018 19:45:44.
     1>Project "C:\Users\IDEA\Desktop\GKOM PROJEKT\gkom-gl\gl_03\gl_03.vcxproj" on node 2 (Build target(s)).
     1>ClCompile:
         C:\Program Files (x86)\Microsoft Visual Studio 12.0\VC\bin\CL.exe /c /Zi /nologo /W3 /WX- /Od /Oy- /D WIN32 /D _DEBUG /D _CONSOLE /D _LIB /D _UNICODE /D UNICODE /Gm /EHsc /RTC1 /MDd /GS /fp:precise /Zc:wchar_t /Zc:forScope /Fo"Debug\\" /Fd"Debug\vc120.pdb" /Gd /TP /analyze- /errorReport:prompt gl_03.cpp
         gl_03.cpp
     1>c:\users\idea\desktop\gkom projekt\gkom-gl\gl_03\shprogram.h(63): warning C4101: 'success' : unreferenced local variable
     1>c:\users\idea\desktop\gkom projekt\gkom-gl\gl_03\shprogram.h(64): warning C4101: 'infoLog' : unreferenced local variable
     1>c:\users\idea\desktop\gkom projekt\gkom-gl\gl_03\cylinder.h(28): warning C4244: 'initializing' : conversion from 'double' to 'float', possible loss of data
     1>c:\users\idea\desktop\gkom projekt\gkom-gl\gl_03\cylinder.h(31): warning C4018: '<' : signed/unsigned mismatch
     1>c:\users\idea\desktop\gkom projekt\gkom-gl\gl_03\cylinder.h(53): warning C4018: '<' : signed/unsigned mismatch
     1>c:\users\idea\desktop\gkom projekt\gkom-gl\gl_03\cuboid.h(56): warning C4018: '<=' : signed/unsigned mismatch
     1>c:\users\idea\desktop\gkom projekt\gkom-gl\gl_03\cuboid.h(57): warning C4018: '<=' : signed/unsigned mismatch
     1>c:\users\idea\desktop\gkom projekt\gkom-gl\gl_03\cuboid.h(65): warning C4018: '<=' : signed/unsigned mismatch
     1>c:\users\idea\desktop\gkom projekt\gkom-gl\gl_03\cuboid.h(71): warning C4018: '<' : signed/unsigned mismatch
     1>c:\users\idea\desktop\gkom projekt\gkom-gl\gl_03\cuboid.h(72): warning C4018: '<' : signed/unsigned mismatch
     1>gl_03.cpp(139): warning C4305: 'argument' : truncation from 'double' to 'float'
     1>gl_03.cpp(150): warning C4244: 'initializing' : conversion from 'double' to 'float', possible loss of data
     1>gl_03.cpp(246): warning C4244: '=' : conversion from 'double' to 'float', possible loss of data
     1>gl_03.cpp(247): warning C4244: '=' : conversion from 'double' to 'float', possible loss of data
     1>gl_03.cpp(251): warning C4244: 'initializing' : conversion from 'double' to 'float', possible loss of data
     1>gl_03.cpp(252): warning C4244: 'initializing' : conversion from 'double' to 'float', possible loss of data
     1>gl_03.cpp(254): warning C4244: '=' : conversion from 'double' to 'float', possible loss of data
     1>gl_03.cpp(255): warning C4244: '=' : conversion from 'double' to 'float', possible loss of data
     1>gl_03.cpp(264): warning C4244: 'argument' : conversion from 'double' to 'float', possible loss of data
       Link:
         C:\Program Files (x86)\Microsoft Visual Studio 12.0\VC\bin\link.exe /ERRORREPORT:PROMPT /OUT:"C:\Users\IDEA\Desktop\GKOM PROJEKT\gkom-gl\Debug\gl_03.exe" /INCREMENTAL /NOLOGO opengl32.lib glfw3.lib glew32s.lib soil.lib kernel32.lib user32.lib gdi32.lib winspool.lib comdlg32.lib advapi32.lib shell32.lib ole32.lib oleaut32.lib uuid.lib odbc32.lib odbccp32.lib /NODEFAULTLIB:msvcrt.lib /NODEFAULTLIB:libcmt.lib /MANIFEST /MANIFESTUAC:"level='asInvoker' uiAccess='false'" /manifest:embed /DEBUG /PDB:"C:\Users\IDEA\Desktop\GKOM PROJEKT\gkom-gl\Debug\gl_03.pdb" /SUBSYSTEM:CONSOLE /TLBID:1 /DYNAMICBASE /NXCOMPAT /IMPLIB:"C:\Users\IDEA\Desktop\GKOM PROJEKT\gkom-gl\Debug\gl_03.lib" /MACHINE:X86 Debug\gl_03.obj
         soil.lib(SOIL.obj) : MSIL .netmodule or module compiled with /GL found; restarting link with /LTCG; add /LTCG to the link command line to improve linker performance
     1>LINK : warning LNK4075: ignoring '/INCREMENTAL' due to '/LTCG' specification
         Generating code
         Finished generating code
         gl_03.vcxproj -> C:\Users\IDEA\Desktop\GKOM PROJEKT\gkom-gl\Debug\gl_03.exe
     1>Done Building Project "C:\Users\IDEA\Desktop\GKOM PROJEKT\gkom-gl\gl_03\gl_03.vcxproj" (Build target(s)).

Build succeeded.

Time Elapsed 00:00:01.46
